\BOOKMARK [0][]{chapter.1}{Executive Summary}{}% 1
\BOOKMARK [1][]{section.1.1}{Produkte und Dienstleistungen}{chapter.1}% 2
\BOOKMARK [1][]{section.1.2}{Marketing}{chapter.1}% 3
\BOOKMARK [1][]{section.1.3}{Das Unternehmen}{chapter.1}% 4
\BOOKMARK [1][]{section.1.4}{Kooperationen}{chapter.1}% 5
\BOOKMARK [1][]{section.1.5}{Status der technischen Entwicklung}{chapter.1}% 6
\BOOKMARK [1][]{section.1.6}{Finanzierung}{chapter.1}% 7
\BOOKMARK [1][]{section.1.7}{Potential}{chapter.1}% 8
\BOOKMARK [0][]{chapter.2}{Produktidee}{}% 9
\BOOKMARK [0][]{chapter.3}{Unternehmen}{}% 10
\BOOKMARK [1][]{section.3.1}{Informationen zum Unternehmen}{chapter.3}% 11
\BOOKMARK [1][]{section.3.2}{Status der Unternehmensgr\374ndung}{chapter.3}% 12
\BOOKMARK [1][]{section.3.3}{Firmensitz}{chapter.3}% 13
\BOOKMARK [1][]{section.3.4}{Organisationsstruktur}{chapter.3}% 14
\BOOKMARK [1][]{section.3.5}{Ziele}{chapter.3}% 15
\BOOKMARK [1][]{section.3.6}{Unterst\374tzung und Hilfestellungen}{chapter.3}% 16
\BOOKMARK [1][]{section.3.7}{Gr\374ndungsteam}{chapter.3}% 17
\BOOKMARK [2][]{subsection.3.7.1}{Bisherige Zusammenarbeit}{section.3.7}% 18
\BOOKMARK [2][]{subsection.3.7.2}{Erfahrungen und F\344higkeiten des Gr\374nderteams}{section.3.7}% 19
\BOOKMARK [1][]{section.3.8}{Mitarbeiter in der Start-Up Phase \(bis Ende 2018\)}{chapter.3}% 20
\BOOKMARK [0][]{chapter.4}{Marketing}{}% 21
